\BOOKMARK [0][-]{chapter*.4}{List of Figures}{}% 1
\BOOKMARK [0][-]{chapter*.5}{List of Tables}{}% 2
\BOOKMARK [0][-]{chapter.1}{Introduction}{}% 3
\BOOKMARK [1][-]{section.1.1}{Thesis Structure}{chapter.1}% 4
\BOOKMARK [0][-]{chapter.2}{Background}{}% 5
\BOOKMARK [1][-]{section.2.1}{General problem / Introduction / Background }{chapter.2}% 6
\BOOKMARK [1][-]{section.2.2}{Related work}{chapter.2}% 7
\BOOKMARK [0][-]{chapter.3}{Technological research}{}% 8
\BOOKMARK [1][-]{subsection.3.0.1}{Background / Context}{chapter.3}% 9
\BOOKMARK [2][-]{subsection.3.0.2}{General Objective}{subsection.3.0.1}% 10
\BOOKMARK [1][-]{section.3.1}{Approach}{chapter.3}% 11
\BOOKMARK [2][-]{subsection.3.1.1}{Intellectual Property, Publications}{section.3.1}% 12
\BOOKMARK [1][-]{section.3.2}{Results}{chapter.3}% 13
\BOOKMARK [2][-]{subsection.3.2.1}{State of the art}{section.3.2}% 14
\BOOKMARK [2][-]{subsection.3.2.2}{Building a model}{section.3.2}% 15
\BOOKMARK [2][-]{subsection.3.2.3}{Technology Strategy Vision}{section.3.2}% 16
\BOOKMARK [2][-]{subsection.3.2.4}{Timeline}{section.3.2}% 17
\BOOKMARK [2][-]{subsection.3.2.5}{Technical feasibility}{section.3.2}% 18
\BOOKMARK [2][-]{subsection.3.2.6}{Financial Valuation}{section.3.2}% 19
\BOOKMARK [1][-]{section.3.3}{Validation}{chapter.3}% 20
\BOOKMARK [1][-]{section.3.4}{Conclusions}{chapter.3}% 21
\BOOKMARK [0][-]{chapter.4}{Thesis Objectives}{}% 22
\BOOKMARK [0][-]{chapter.5}{Thesis Methodology}{}% 23
\BOOKMARK [1][-]{section.5.1}{Methodology}{chapter.5}% 24
\BOOKMARK [1][-]{section.5.2}{Theoretical framework}{chapter.5}% 25
\BOOKMARK [1][-]{section.5.3}{Clustering and data tricks}{chapter.5}% 26
\BOOKMARK [0][-]{chapter.6}{Conclusion}{}% 27
\BOOKMARK [0][-]{section*.42}{Bibliography}{}% 28
\BOOKMARK [0][-]{chapter.7}{Bibliography}{}% 29
\BOOKMARK [0][-]{appendix.A}{Additional Resources}{}% 30
